build/app/outputs/mapping/release/seeds.txt
com.example.quest_peak.MainActivity
com.example.quest_peak.MainActivity: MainActivity()
...
androidx.versionedparcelable.ParcelImpl: android.os.Parcelable$Creator CREATOR
androidx.window.layout.WindowInfoTrackerImpl$windowLayoutInfo$1: androidx.window.layout.WindowInfoTrackerImpl this$0
io.flutter.plugin.editing.ImeSyncDeferringInsetsCallback$AnimationCallback: io.flutter.plugin.editing.ImeSyncDeferringInsetsCallback this$0
androidx.window.layout.WindowInfoTracker$Companion: boolean DEBUG
io.flutter.view.AccessibilityViewEmbedder: java.lang.String TAG
androidx.window.layout.HardwareFoldingFeature$Type: androidx.window.layout.HardwareFoldingFeature$Type$Companion Companion
com.google.android.gms.signin.internal.zag: android.os.Parcelable$Creator CREATOR
com.google.android.gms.internal.location.zzbh: android.os.Parcelable$Creator CREATOR
kotlinx.coroutines.DispatchedCoroutine: int _decision
com.google.android.gms.internal.location.zzaa: android.os.Parcelable$Creator CREATOR
androidx.window.R$styleable: int SplitPairFilter_primaryActivityName
androidx.window.R$attr: int activityAction
androidx.window.R$id: int androidx_window_activity_scope
kotlinx.coroutines.CancellableContinuationImpl: int _decision
com.google.android.gms.signin.internal.zai: android.os.Parcelable$Creator CREATOR
io.flutter.embedding.engine.FlutterJNI: io.flutter.embedding.engine.dart.PlatformMessageHandler platformMessageHandler
androidx.window.java.layout.WindowInfoTrackerCallbackAdapter: androidx.window.layout.WindowInfoTracker tracker
androidx.window.layout.SidecarWindowBackend: androidx.window.layout.ExtensionInterfaceCompat windowExtension
androidx.window.layout.SidecarCompat: java.lang.String TAG
kotlinx.coroutines.android.HandlerContext: kotlinx.coroutines.android.HandlerContext _immediate
kotlinx.coroutines.android.AndroidExceptionPreHandler: java.lang.Object _preHandler
androidx.window.R$styleable: int SplitPairRule_splitMinSmallestWidth
androidx.window.embedding.SplitPairRule: boolean finishSecondaryWithPrimary
kotlin.coroutines.AbstractCoroutineContextElement: kotlin.coroutines.CoroutineContext$Key key
androidx.window.layout.SidecarWindowBackend: androidx.window.layout.SidecarWindowBackend$Companion Companion
io.flutter.plugin.platform.SingleViewPresentation: io.flutter.plugin.platform.AccessibilityEventsDelegate accessibilityEventsDelegate
androidx.window.layout.SidecarWindowBackend: boolean DEBUG
androidx.window.R$styleable: int ActivityRule_alwaysExpand
androidx.window.layout.ExtensionWindowLayoutInfoBackend: java.util.concurrent.locks.ReentrantLock extensionWindowBackendLock
androidx.window.layout.FoldingFeature$Orientation: androidx.window.layout.FoldingFeature$Orientation VERTICAL
io.flutter.embedding.engine.FlutterJNI: boolean loadLibraryCalled
androidx.window.R$id: int rtl
io.flutter.embedding.engine.renderer.SurfaceTextureWrapper: boolean attached
androidx.lifecycle.Lifecycle$Event: androidx.lifecycle.Lifecycle$Event ON_DESTROY
kotlinx.coroutines.internal.LockFreeTaskQueue: java.lang.Object _cur
androidx.window.layout.SidecarAdapter: androidx.window.layout.SidecarAdapter$Companion Companion
kotlinx.coroutines.scheduling.CoroutineScheduler: long controlState
io.flutter.embedding.engine.mutatorsstack.FlutterMutatorsStack: java.util.List mutators
kotlinx.coroutines.internal.ThreadSafeHeap: int _size
androidx.window.embedding.ExtensionEmbeddingBackend: androidx.window.embedding.ExtensionEmbeddingBackend$EmbeddingCallbackImpl splitInfoEmbeddingCallback
androidx.window.embedding.SplitPairFilter: java.lang.String secondaryActivityIntentAction
kotlinx.coroutines.scheduling.CoroutineScheduler$Worker: java.lang.Object nextParkedWorker
androidx.window.embedding.SplitInfo: androidx.window.embedding.ActivityStack primaryActivityStack
androidx.window.core.Version: kotlin.Lazy bigInteger$delegate
androidx.window.layout.ExtensionWindowLayoutInfoBackend: java.util.Map activityToListeners
androidx.window.layout.SidecarCompat$DistinctElementCallback: java.util.WeakHashMap activityWindowLayoutInfo