build/app/outputs/mapping/release/mapping.txt
# compiler: R8
# compiler_version: 3.1.66
# min_api: 19
# pg_map_id: 9663890
# common_typos_disable
# {"id":"com.android.tools.r8.mapping","version":"1.0"}
...
io.flutter.embedding.android.KeyboardManager$Responder$OnKeyEventHandledCallback -> io.flutter.embedding.android.q$d$a:
    void onKeyEventHandled(boolean) -> a
io.flutter.embedding.android.KeyboardManager$ViewDelegate -> io.flutter.embedding.android.q$e:
    void redispatch(android.view.KeyEvent) -> a
    boolean onTextInputKeyEvent(android.view.KeyEvent) -> b
io.flutter.embedding.android.KeyboardMap -> io.flutter.embedding.android.r:
    java.util.HashMap keyCodeToLogical -> b
    java.util.HashMap scanCodeToPhysical -> a
    io.flutter.embedding.android.KeyboardMap$PressingGoal[] pressingGoals -> c
    io.flutter.embedding.android.KeyboardMap$TogglingGoal[] getTogglingGoals() -> a
io.flutter.embedding.android.KeyboardMap$1 -> io.flutter.embedding.android.r$a:
io.flutter.embedding.android.KeyboardMap$2 -> io.flutter.embedding.android.r$b:
io.flutter.embedding.android.KeyboardMap$KeyPair -> io.flutter.embedding.android.r$c:
    long logicalKey -> b
    long physicalKey -> a
io.flutter.embedding.android.KeyboardMap$PressingGoal -> io.flutter.embedding.android.r$d:
    io.flutter.embedding.android.KeyboardMap$KeyPair[] keys -> b
    int mask -> a
io.flutter.embedding.android.KeyboardMap$TogglingGoal -> io.flutter.embedding.android.r$e:
    long physicalKey -> b
    long logicalKey -> c
    int mask -> a
    boolean enabled -> d
io.flutter.embedding.android.MotionEventTracker -> io.flutter.embedding.android.s:
    java.util.PriorityQueue unusedEvents -> b
    android.util.LongSparseArray eventById -> a
    io.flutter.embedding.android.MotionEventTracker INSTANCE -> c
    io.flutter.embedding.android.MotionEventTracker getInstance() -> a
    android.view.MotionEvent pop(io.flutter.embedding.android.MotionEventTracker$MotionEventId) -> b
    io.flutter.embedding.android.MotionEventTracker$MotionEventId track(android.view.MotionEvent) -> c
io.flutter.embedding.android.MotionEventTracker$MotionEventId -> io.flutter.embedding.android.s$a:
    java.util.concurrent.atomic.AtomicLong ID_COUNTER -> b
    long id -> a
    long access$000(io.flutter.embedding.android.MotionEventTracker$MotionEventId) -> a
    io.flutter.embedding.android.MotionEventTracker$MotionEventId createUnique() -> b
    io.flutter.embedding.android.MotionEventTracker$MotionEventId from(long) -> c
    long getId() -> d
io.flutter.embedding.android.RenderMode -> io.flutter.embedding.android.t:
    io.flutter.embedding.android.RenderMode texture -> f
    io.flutter.embedding.android.RenderMode image -> g
    io.flutter.embedding.android.RenderMode[] $VALUES -> h
    io.flutter.embedding.android.RenderMode surface -> e
io.flutter.embedding.android.SplashScreen -> io.flutter.embedding.android.v:
    void transitionToFlutter(java.lang.Runnable) -> a
    boolean doesSplashViewRememberItsTransition() -> b
    android.view.View createSplashView(android.content.Context,android.os.Bundle) -> c
    android.os.Bundle saveSplashScreenState() -> d
io.flutter.embedding.android.SplashScreen$-CC -> io.flutter.embedding.android.u:
# {"id":"sourceFile","fileName":"R8$$SyntheticClass"}
# {"id":"com.android.tools.r8.synthesized"}
    boolean $default$doesSplashViewRememberItsTransition(io.flutter.embedding.android.SplashScreen) -> a
      # {"id":"com.android.tools.r8.synthesized"}
    android.os.Bundle $default$saveSplashScreenState(io.flutter.embedding.android.SplashScreen) -> b
      # {"id":"com.android.tools.r8.synthesized"}
io.flutter.embedding.android.TransparencyMode -> io.flutter.embedding.android.w:
    io.flutter.embedding.android.TransparencyMode transparent -> f
    io.flutter.embedding.android.TransparencyMode opaque -> e
    io.flutter.embedding.android.TransparencyMode[] $VALUES -> g