build/app/outputs/mapping/release/usage.txt
com.example.quest_peak.BuildConfig
com.example.quest_peak.R$attr
com.example.quest_peak.R$bool
com.example.quest_peak.R$color
com.example.quest_peak.R$dimen
com.example.quest_peak.R$drawable
com.example.quest_peak.R$id
com.example.quest_peak.R$integer
com.example.quest_peak.R$layout
com.example.quest_peak.R$mipmap
com.example.quest_peak.R$raw
com.example.quest_peak.R$string
com.example.quest_peak.R$style
com.example.quest_peak.R$styleable
com.example.quest_peak.R
...
kotlinx.coroutines.CancellableContinuationImpl:
    private final void callCancelHandlerSafely(kotlin.jvm.functions.Function0)
    public void initCancellability()
    public boolean isActive()
    public boolean isCancelled()
    public boolean isCompleted()
    public void resumeUndispatched(kotlinx.coroutines.CoroutineDispatcher,java.lang.Object)
    public void resumeUndispatchedWithException(kotlinx.coroutines.CoroutineDispatcher,java.lang.Throwable)
kotlinx.coroutines.CancellableContinuationImplKt:
    private static final int RESUMED
    private static final int SUSPENDED
    private static final int UNDECIDED
    public static synthetic void getRESUME_TOKEN$annotations()
kotlinx.coroutines.CancellableContinuationKt:
    public static final void disposeOnCancellation(kotlinx.coroutines.CancellableContinuation,kotlinx.coroutines.DisposableHandle)
    public static final void removeOnCancellation(kotlinx.coroutines.CancellableContinuation,kotlinx.coroutines.internal.LockFreeLinkedListNode)
    public static final java.lang.Object suspendCancellableCoroutine(kotlin.jvm.functions.Function1,kotlin.coroutines.Continuation)
    private static final java.lang.Object suspendCancellableCoroutine$$forInline(kotlin.jvm.functions.Function1,kotlin.coroutines.Continuation)
    public static final java.lang.Object suspendCancellableCoroutineReusable(kotlin.jvm.functions.Function1,kotlin.coroutines.Continuation)
    private static final java.lang.Object suspendCancellableCoroutineReusable$$forInline(kotlin.jvm.functions.Function1,kotlin.coroutines.Continuation)
kotlinx.coroutines.ChildHandle$DefaultImpls
kotlinx.coroutines.ChildJob$DefaultImpls
kotlinx.coroutines.CommonPool:
    private static final java.lang.String DEFAULT_PARALLELISM_PROPERTY_NAME
    private final java.lang.Object Try(kotlin.jvm.functions.Function0)
    public java.util.concurrent.Executor getExecutor()
    public final synchronized void restore$kotlinx_coroutines_core()
    public final synchronized void shutdown$kotlinx_coroutines_core(long)
    private static final void shutdown$lambda-16(java.lang.Runnable)
    public final synchronized void usePrivatePool$kotlinx_coroutines_core()
kotlinx.coroutines.CompletableDeferred$DefaultImpls
kotlinx.coroutines.CompletableDeferred
kotlinx.coroutines.CompletableDeferredImpl
kotlinx.coroutines.CompletableDeferredKt
kotlinx.coroutines.CompletableJob$DefaultImpls
kotlinx.coroutines.CompletableJob:
    public abstract boolean complete()
    public abstract boolean completeExceptionally(java.lang.Throwable)
kotlinx.coroutines.CompletedContinuation:
    public final java.lang.Object component1()
    public final kotlinx.coroutines.CancelHandler component2()
    public final kotlin.jvm.functions.Function1 component3()
    public final java.lang.Object component4()
    public final java.lang.Throwable component5()
kotlinx.coroutines.CompletedWithCancellation:
    public final java.lang.Object component1()
    public final kotlin.jvm.functions.Function1 component2()
    public final kotlinx.coroutines.CompletedWithCancellation copy(java.lang.Object,kotlin.jvm.functions.Function1)
    public static synthetic kotlinx.coroutines.CompletedWithCancellation copy$default(kotlinx.coroutines.CompletedWithCancellation,java.lang.Object,kotlin.jvm.functions.Function1,int,java.lang.Object)
kotlinx.coroutines.CompletionHandlerKt
kotlinx.coroutines.CompletionHandler_commonKt
kotlinx.coroutines.CoroutineContextKt:
    public static final java.lang.String COROUTINES_SCHEDULER_PROPERTY_NAME
    private static final java.lang.String DEBUG_THREAD_NAME_SEPARATOR
    public static final boolean getUseCoroutinesScheduler()
    public static final java.lang.Object withContinuationContext(kotlin.coroutines.Continuation,java.lang.Object,kotlin.jvm.functions.Function0)
    public static final java.lang.Object withCoroutineContext(kotlin.coroutines.CoroutineContext,java.lang.Object,kotlin.jvm.functions.Function0)